# JRE version: Java(TM) SE Runtime Environment (8.0_25-b18) (build 1.8.0_25-b18)
# Java VM: Java HotSpot(TM) 64-Bit Server VM (25.25-b02 mixed mode windows-amd64 compressed oops)
Heap:
 PSYoungGen      total 55296K, used 13919K [0x00000007bc400000, 0x00000007c0000000, 0x00000007c0000000)
  eden space 49152K, 23% used [0x00000007bc400000,0x00000007bcf53f68,0x00000007bf400000)
  from space 6144K, 37% used [0x00000007bfa00000,0x00000007bfc43f58,0x00000007c0000000)
  to   space 6144K, 0% used [0x00000007bf400000,0x00000007bf400000,0x00000007bfa00000)
 ParOldGen       total 177664K, used 55633K [0x0000000700000000, 0x000000070ad80000, 0x00000007bc400000)
  object space 177664K, 31% used [0x0000000700000000,0x00000007036547e0,0x000000070ad80000)
 Metaspace       used 59268K, capacity 59591K, committed 60288K, reserved 1101824K
  class space    used 8468K, capacity 8520K, committed 8576K, reserved 1048576K
GC Heap History (10 events):
Event: 4076.768 GC heap before
{Heap before GC invocations=278 (full 8):
 PSYoungGen      total 55808K, used 54749K [0x00000007bc400000, 0x00000007c0000000, 0x00000007c0000000)
  eden space 50176K, 99% used [0x00000007bc400000,0x00000007bf4fff58,0x00000007bf500000)
  from space 5632K, 81% used [0x00000007bf500000,0x00000007bf977548,0x00000007bfa80000)
  to   space 5632K, 0% used [0x00000007bfa80000,0x00000007bfa80000,0x00000007c0000000)
 ParOldGen       total 177664K, used 54270K [0x0000000700000000, 0x000000070ad80000, 0x00000007bc400000)
  object space 177664K, 30% used [0x0000000700000000,0x00000007034ffb50,0x000000070ad80000)
 Metaspace       used 59241K, capacity 59527K, committed 60288K, reserved 1101824K
  class space    used 8468K, capacity 8520K, committed 8576K, reserved 1048576K
Event: 4076.774 GC heap after
Heap after GC invocations=278 (full 8):
 PSYoungGen      total 54784K, used 4720K [0x00000007bc400000, 0x00000007c0000000, 0x00000007c0000000)
  eden space 49152K, 0% used [0x00000007bc400000,0x00000007bc400000,0x00000007bf400000)
  from space 5632K, 83% used [0x00000007bfa80000,0x00000007bff1c1d0,0x00000007c0000000)
  to   space 6144K, 0% used [0x00000007bf400000,0x00000007bf400000,0x00000007bfa00000)
 ParOldGen       total 177664K, used 54326K [0x0000000700000000, 0x000000070ad80000, 0x00000007bc400000)
  object space 177664K, 30% used [0x0000000700000000,0x000000070350db50,0x000000070ad80000)
 Metaspace       used 59241K, capacity 59527K, committed 60288K, reserved 1101824K
  class space    used 8468K, capacity 8520K, committed 8576K, reserved 1048576K
}
Event: 4092.365 GC heap before
{Heap before GC invocations=279 (full 8):
 PSYoungGen      total 54784K, used 53872K [0x00000007bc400000, 0x00000007c0000000, 0x00000007c0000000)
  eden space 49152K, 100% used [0x00000007bc400000,0x00000007bf400000,0x00000007bf400000)
  from space 5632K, 83% used [0x00000007bfa80000,0x00000007bff1c1d0,0x00000007c0000000)
  to   space 6144K, 0% used [0x00000007bf400000,0x00000007bf400000,0x00000007bfa00000)
 ParOldGen       total 177664K, used 54326K [0x0000000700000000, 0x000000070ad80000, 0x00000007bc400000)
  object space 177664K, 30% used [0x0000000700000000,0x000000070350db50,0x000000070ad80000)
 Metaspace       used 59243K, capacity 59527K, committed 60288K, reserved 1101824K
  class space    used 8468K, capacity 8520K, committed 8576K, reserved 1048576K
Event: 4092.370 GC heap after
Heap after GC invocations=279 (full 8):
 PSYoungGen      total 55296K, used 4311K [0x00000007bc400000, 0x00000007c0000000, 0x00000007c0000000)
  eden space 49152K, 0% used [0x00000007bc400000,0x00000007bc400000,0x00000007bf400000)
  from space 6144K, 70% used [0x00000007bf400000,0x00000007bf835de0,0x00000007bfa00000)
  to   space 5632K, 0% used [0x00000007bfa80000,0x00000007bfa80000,0x00000007c0000000)
 ParOldGen       total 177664K, used 54502K [0x0000000700000000, 0x000000070ad80000, 0x00000007bc400000)
  object space 177664K, 30% used [0x0000000700000000,0x0000000703539b50,0x000000070ad80000)
 Metaspace       used 59243K, capacity 59527K, committed 60288K, reserved 1101824K
  class space    used 8468K, capacity 8520K, committed 8576K, reserved 1048576K
}
Event: 4092.897 GC heap before
{Heap before GC invocations=280 (full 8):
 PSYoungGen      total 55296K, used 53463K [0x00000007bc400000, 0x00000007c0000000, 0x00000007c0000000)
  eden space 49152K, 100% used [0x00000007bc400000,0x00000007bf400000,0x00000007bf400000)
  from space 6144K, 70% used [0x00000007bf400000,0x00000007bf835de0,0x00000007bfa00000)
  to   space 5632K, 0% used [0x00000007bfa80000,0x00000007bfa80000,0x00000007c0000000)
 ParOldGen       total 177664K, used 54502K [0x0000000700000000, 0x000000070ad80000, 0x00000007bc400000)
  object space 177664K, 30% used [0x0000000700000000,0x0000000703539b50,0x000000070ad80000)
 Metaspace       used 59254K, capacity 59591K, committed 60288K, reserved 1101824K
  class space    used 8468K, capacity 8520K, committed 8576K, reserved 1048576K
Event: 4092.901 GC heap after
Heap after GC invocations=280 (full 8):
 PSYoungGen      total 54784K, used 4472K [0x00000007bc400000, 0x00000007c0000000, 0x00000007c0000000)
  eden space 49152K, 0% used [0x00000007bc400000,0x00000007bc400000,0x00000007bf400000)
  from space 5632K, 79% used [0x00000007bfa80000,0x00000007bfede0d8,0x00000007c0000000)
  to   space 6144K, 0% used [0x00000007bf400000,0x00000007bf400000,0x00000007bfa00000)
 ParOldGen       total 177664K, used 54526K [0x0000000700000000, 0x000000070ad80000, 0x00000007bc400000)
  object space 177664K, 30% used [0x0000000700000000,0x000000070353fb50,0x000000070ad80000)
 Metaspace       used 59254K, capacity 59591K, committed 60288K, reserved 1101824K
  class space    used 8468K, capacity 8520K, committed 8576K, reserved 1048576K
}
Event: 4098.218 GC heap before
{Heap before GC invocations=281 (full 8):
 PSYoungGen      total 54784K, used 53624K [0x00000007bc400000, 0x00000007c0000000, 0x00000007c0000000)
  eden space 49152K, 100% used [0x00000007bc400000,0x00000007bf400000,0x00000007bf400000)
  from space 5632K, 79% used [0x00000007bfa80000,0x00000007bfede0d8,0x00000007c0000000)
  to   space 6144K, 0% used [0x00000007bf400000,0x00000007bf400000,0x00000007bfa00000)
 ParOldGen       total 177664K, used 54526K [0x0000000700000000, 0x000000070ad80000, 0x00000007bc400000)
  object space 177664K, 30% used [0x0000000700000000,0x000000070353fb50,0x000000070ad80000)
 Metaspace       used 59254K, capacity 59591K, committed 60288K, reserved 1101824K
  class space    used 8468K, capacity 8520K, committed 8576K, reserved 1048576K
Event: 4098.223 GC heap after
Heap after GC invocations=281 (full 8):
 PSYoungGen      total 55296K, used 4391K [0x00000007bc400000, 0x00000007c0000000, 0x00000007c0000000)
  eden space 49152K, 0% used [0x00000007bc400000,0x00000007bc400000,0x00000007bf400000)
  from space 6144K, 71% used [0x00000007bf400000,0x00000007bf849fd0,0x00000007bfa00000)
  to   space 6144K, 0% used [0x00000007bfa00000,0x00000007bfa00000,0x00000007c0000000)
 ParOldGen       total 177664K, used 54526K [0x0000000700000000, 0x000000070ad80000, 0x00000007bc400000)
  object space 177664K, 30% used [0x0000000700000000,0x000000070353fb50,0x000000070ad80000)
 Metaspace       used 59254K, capacity 59591K, committed 60288K, reserved 1101824K
  class space    used 8468K, capacity 8520K, committed 8576K, reserved 1048576K
}
Event: 4101.512 GC heap before
{Heap before GC invocations=282 (full 8):
 PSYoungGen      total 55296K, used 53543K [0x00000007bc400000, 0x00000007c0000000, 0x00000007c0000000)
  eden space 49152K, 100% used [0x00000007bc400000,0x00000007bf400000,0x00000007bf400000)
  from space 6144K, 71% used [0x00000007bf400000,0x00000007bf849fd0,0x00000007bfa00000)
  to   space 6144K, 0% used [0x00000007bfa00000,0x00000007bfa00000,0x00000007c0000000)
 ParOldGen       total 177664K, used 54526K [0x0000000700000000, 0x000000070ad80000, 0x00000007bc400000)
  object space 177664K, 30% used [0x0000000700000000,0x000000070353fb50,0x000000070ad80000)
 Metaspace       used 59267K, capacity 59591K, committed 60288K, reserved 1101824K
  class space    used 8468K, capacity 8520K, committed 8576K, reserved 1048576K
Event: 4101.516 GC heap after
Heap after GC invocations=282 (full 8):
 PSYoungGen      total 55296K, used 2319K [0x00000007bc400000, 0x00000007c0000000, 0x00000007c0000000)
  eden space 49152K, 0% used [0x00000007bc400000,0x00000007bc400000,0x00000007bf400000)
  from space 6144K, 37% used [0x00000007bfa00000,0x00000007bfc43f58,0x00000007c0000000)
  to   space 6144K, 0% used [0x00000007bf400000,0x00000007bf400000,0x00000007bfa00000)
 ParOldGen       total 177664K, used 55633K [0x0000000700000000, 0x000000070ad80000, 0x00000007bc400000)
  object space 177664K, 31% used [0x0000000700000000,0x00000007036547e0,0x000000070ad80000)
 Metaspace       used 59267K, capacity 59591K, committed 60288K, reserved 1101824K
  class space    used 8468K, capacity 8520K, committed 8576K, reserved 1048576K
}

